"../../../Engine/Content/Animation/DefaultAnimBoneCompressionSettings.uasset" 0
"../../../Engine/Content/Animation/DefaultAnimBoneCompressionSettings.uexp" 1
"../../../Engine/Content/Animation/DefaultAnimCurveCompressionSettings.uasset" 2
"../../../Engine/Content/Animation/DefaultAnimCurveCompressionSettings.uexp" 3
"../../../Engine/Content/EngineMaterials/T_Default_Material_Grid_N.uasset" 4
"../../../Engine/Content/EngineMaterials/T_Default_Material_Grid_N.uexp" 5
"../../../Engine/Content/EngineMaterials/T_Default_Material_Grid_N.ubulk" 6
"../../../Engine/Content/EngineMaterials/T_Default_Material_Grid_M.uasset" 7
"../../../Engine/Content/EngineMaterials/T_Default_Material_Grid_M.uexp" 8
"../../../Engine/Content/EngineMaterials/T_Default_Material_Grid_M.ubulk" 9
"../../../Engine/Content/Functions/Engine_MaterialFunctions01/Opacity/CameraDepthFade.uasset" 10
"../../../Engine/Content/Functions/Engine_MaterialFunctions01/Opacity/CameraDepthFade.uexp" 11
"../../../Engine/Content/EngineMaterials/WorldGridMaterial.uasset" 12
"../../../Engine/Content/EngineMaterials/WorldGridMaterial.uexp" 13
"../../../Engine/Content/ArtTools/RenderToTexture/Meshes/S_1_Unit_Plane.uasset" 14
"../../../Engine/Content/ArtTools/RenderToTexture/Meshes/S_1_Unit_Plane.uexp" 15
"../../../Engine/Content/EngineMaterials/DefaultMaterial.uasset" 16
"../../../Engine/Content/EngineMaterials/DefaultMaterial.uexp" 17
"../../../Engine/Content/BasicShapes/Cone.uasset" 18
"../../../Engine/Content/BasicShapes/Cone.uexp" 19
"../../../Engine/Content/BasicShapes/Cube.uasset" 20
"../../../Engine/Content/BasicShapes/Cube.uexp" 21
"../../../Engine/Content/BasicShapes/Plane.uasset" 22
"../../../Engine/Content/BasicShapes/Plane.uexp" 23
"../../../Engine/Content/EditorLandscapeResources/DataLayer.uasset" 24
"../../../Engine/Content/EditorLandscapeResources/DataLayer.uexp" 25
"../../../Engine/Content/EditorLandscapeResources/DefaultAlphaTexture.uasset" 26
"../../../Engine/Content/EditorLandscapeResources/DefaultAlphaTexture.uexp" 27
"../../../Engine/Content/EditorMaterials/MAT_Groups_Toggle.uasset" 28
"../../../Engine/Content/EditorMaterials/MAT_Groups_Toggle.uexp" 29
"../../../Engine/Content/EditorMaterials/MAT_Groups_Visibility.uasset" 30
"../../../Engine/Content/EditorMaterials/MAT_Groups_Visibility.uexp" 31
"../../../Engine/Content/EditorMaterials/PreviewShadowIndicator.uasset" 32
"../../../Engine/Content/EditorMaterials/PreviewShadowIndicator.uexp" 33
"../../../Engine/Content/EditorMaterials/PreviewShadowIndicator.ubulk" 34
"../../../Engine/Content/EditorMaterials/PreviewShadowIndicatorMaterial.uasset" 35
"../../../Engine/Content/EditorMaterials/PreviewShadowIndicatorMaterial.uexp" 36
"../../../Engine/Content/EditorMaterials/MatineeGroups/MAT_ColorTrack.uasset" 37
"../../../Engine/Content/EditorMaterials/MatineeGroups/MAT_ColorTrack.uexp" 38
"../../../Engine/Content/EditorMaterials/MatineeGroups/MAT_Groups_Anim.uasset" 39
"../../../Engine/Content/EditorMaterials/MatineeGroups/MAT_Groups_Anim.uexp" 40
"../../../Engine/Content/EditorMaterials/MatineeGroups/MAT_Groups_AudioMaster.uasset" 41
"../../../Engine/Content/EditorMaterials/MatineeGroups/MAT_Groups_AudioMaster.uexp" 42
"../../../Engine/Content/EditorMaterials/MatineeGroups/MAT_Groups_Director.uasset" 43
"../../../Engine/Content/EditorMaterials/MatineeGroups/MAT_Groups_Director.uexp" 44
"../../../Engine/Content/EditorMaterials/MatineeGroups/MAT_Groups_Event.uasset" 45
"../../../Engine/Content/EditorMaterials/MatineeGroups/MAT_Groups_Event.uexp" 46
"../../../Engine/Content/EditorMaterials/MatineeGroups/MAT_Groups_Fade.uasset" 47
"../../../Engine/Content/EditorMaterials/MatineeGroups/MAT_Groups_Fade.uexp" 48
"../../../Engine/Content/EditorMaterials/MatineeGroups/MAT_Groups_Float.uasset" 49
"../../../Engine/Content/EditorMaterials/MatineeGroups/MAT_Groups_Float.uexp" 50
"../../../Engine/Content/EditorMaterials/MatineeGroups/MAT_Groups_Move.uasset" 51
"../../../Engine/Content/EditorMaterials/MatineeGroups/MAT_Groups_Move.uexp" 52
"../../../Engine/Content/EditorMaterials/MatineeGroups/MAT_Groups_Slomo.uasset" 53
"../../../Engine/Content/EditorMaterials/MatineeGroups/MAT_Groups_Slomo.uexp" 54
"../../../Engine/Content/EditorMaterials/MatineeGroups/MAT_Groups_Sound.uasset" 55
"../../../Engine/Content/EditorMaterials/MatineeGroups/MAT_Groups_Sound.uexp" 56
"../../../Engine/Content/EditorMaterials/MatineeGroups/MAT_Groups_Vector.uasset" 57
"../../../Engine/Content/EditorMaterials/MatineeGroups/MAT_Groups_Vector.uexp" 58
"../../../Engine/Content/EditorMaterials/ParticleSystems/PSysThumbnail_NoImage.uasset" 59
"../../../Engine/Content/EditorMaterials/ParticleSystems/PSysThumbnail_NoImage.uexp" 60
"../../../Engine/Content/EditorMaterials/ParticleSystems/PSysThumbnail_NoImage.ubulk" 61
"../../../Engine/Content/EditorMaterials/ParticleSystems/PSysThumbnail_OOD.uasset" 62
"../../../Engine/Content/EditorMaterials/ParticleSystems/PSysThumbnail_OOD.uexp" 63
"../../../Engine/Content/EditorMaterials/ParticleSystems/PSysThumbnail_OOD.ubulk" 64
"../../../Engine/Content/EditorMaterials/Camera/CineMat.uasset" 65
"../../../Engine/Content/EditorMaterials/Camera/CineMat.uexp" 66
"../../../Engine/Content/EditorMaterials/Camera/MI_CineMat_Rig.uasset" 67
"../../../Engine/Content/EditorMaterials/Camera/MI_CineMat_Rig.uexp" 68
"../../../Engine/Content/EditorMeshes/Camera/SM_CraneRig_Arm.uasset" 69
"../../../Engine/Content/EditorMeshes/Camera/SM_CraneRig_Arm.uexp" 70
"../../../Engine/Content/EditorMeshes/Camera/SM_CraneRig_Base.uasset" 71
"../../../Engine/Content/EditorMeshes/Camera/SM_CraneRig_Base.uexp" 72
"../../../Engine/Content/EditorMeshes/Camera/SM_CraneRig_Body.uasset" 73
"../../../Engine/Content/EditorMeshes/Camera/SM_CraneRig_Body.uexp" 74
"../../../Engine/Content/EditorMeshes/Camera/SM_CraneRig_Mount.uasset" 75
"../../../Engine/Content/EditorMeshes/Camera/SM_CraneRig_Mount.uexp" 76
"../../../Engine/Content/EditorMeshes/Camera/SM_RailRig_Mount.uasset" 77
"../../../Engine/Content/EditorMeshes/Camera/SM_RailRig_Mount.uexp" 78
"../../../Engine/Content/EditorMeshes/Camera/SM_RailRig_Track.uasset" 79
"../../../Engine/Content/EditorMeshes/Camera/SM_RailRig_Track.uexp" 80
"../../../Engine/Content/EditorResources/BSPVertex.uasset" 81
"../../../Engine/Content/EditorResources/BSPVertex.uexp" 82
"../../../Engine/Content/EditorResources/EmptyActor.uasset" 83
"../../../Engine/Content/EditorResources/EmptyActor.uexp" 84
"../../../Engine/Content/EditorResources/S_Actor.uasset" 85
"../../../Engine/Content/EditorResources/S_Actor.uexp" 86
"../../../Engine/Content/EditorResources/S_Actor.ubulk" 87
"../../../Engine/Content/EditorResources/S_Note.uasset" 88
"../../../Engine/Content/EditorResources/S_Note.uexp" 89
"../../../Engine/Content/EditorResources/S_Note.ubulk" 90
"../../../Engine/Content/EditorResources/S_Solver.uasset" 91
"../../../Engine/Content/EditorResources/S_Solver.uexp" 92
"../../../Engine/Content/EditorResources/S_Solver.ubulk" 93
"../../../Engine/Content/EditorResources/S_Terrain.uasset" 94
"../../../Engine/Content/EditorResources/S_Terrain.uexp" 95
"../../../Engine/Content/EditorResources/S_Terrain.ubulk" 96
"../../../Engine/Content/EditorResources/S_Trigger.uasset" 97
"../../../Engine/Content/EditorResources/S_Trigger.uexp" 98
"../../../Engine/Content/EditorResources/S_Trigger.ubulk" 99
"../../../Engine/Content/EditorResources/SequenceRecorder/Countdown.uasset" 100
"../../../Engine/Content/EditorResources/SequenceRecorder/Countdown.uexp" 101
"../../../Engine/Content/EditorResources/SequenceRecorder/RecordingIndicator.uasset" 102
"../../../Engine/Content/EditorResources/SequenceRecorder/RecordingIndicator.uexp" 103
"../../../Engine/Content/EngineDamageTypes/DmgTypeBP_Environmental.uasset" 104
"../../../Engine/Content/EngineDamageTypes/DmgTypeBP_Environmental.uexp" 105
"../../../Engine/Content/EngineDebugMaterials/DebugEditorMaterial.uasset" 106
"../../../Engine/Content/EngineDebugMaterials/DebugEditorMaterial.uexp" 107
"../../../Engine/Content/EngineDebugMaterials/DebugMeshMaterial.uasset" 108
"../../../Engine/Content/EngineDebugMaterials/DebugMeshMaterial.uexp" 109
"../../../Engine/Content/EngineDebugMaterials/M_SimpleUnlitTranslucent.uasset" 110
"../../../Engine/Content/EngineDebugMaterials/M_SimpleUnlitTranslucent.uexp" 111
"../../../Engine/Content/EngineDebugMaterials/VolumeToRender.uasset" 112
"../../../Engine/Content/EngineDebugMaterials/VolumeToRender.uexp" 113
"../../../Engine/Content/Functions/Engine_MaterialFunctions02/Utility/CameraDirectionVector.uasset" 114
"../../../Engine/Content/Functions/Engine_MaterialFunctions02/Utility/CameraDirectionVector.uexp" 115
"../../../Engine/Content/EngineDebugMaterials/M_VolumeRenderSphereTracePP.uasset" 116
"../../../Engine/Content/EngineDebugMaterials/M_VolumeRenderSphereTracePP.uexp" 117
"../../../Engine/Content/Functions/Engine_MaterialFunctions01/Shading/ConvertFromDiffSpec.uasset" 118
"../../../Engine/Content/Functions/Engine_MaterialFunctions01/Shading/ConvertFromDiffSpec.uexp" 119
"../../../Engine/Content/EngineDebugMaterials/VertexColorMaterial.uasset" 120
"../../../Engine/Content/EngineDebugMaterials/VertexColorMaterial.uexp" 121
"../../../Engine/Content/EngineDebugMaterials/WireframeMaterial.uasset" 122
"../../../Engine/Content/EngineDebugMaterials/WireframeMaterial.uexp" 123
"../../../Engine/Content/EngineFonts/Faces/RobotoRegular.uasset" 124
"../../../Engine/Content/EngineFonts/Faces/RobotoRegular.uexp" 125
"../../../Engine/Content/EngineFonts/Faces/RobotoRegular.ufont" 126
"../../../Engine/Content/EngineFonts/Faces/RobotoLight.uasset" 127
"../../../Engine/Content/EngineFonts/Faces/RobotoLight.uexp" 128
"../../../Engine/Content/EngineFonts/Faces/RobotoLight.ufont" 129
"../../../Engine/Content/EngineFonts/Faces/RobotoItalic.uasset" 130
"../../../Engine/Content/EngineFonts/Faces/RobotoItalic.uexp" 131
"../../../Engine/Content/EngineFonts/Faces/RobotoItalic.ufont" 132
"../../../Engine/Content/EngineFonts/Faces/RobotoBoldItalic.uasset" 133
"../../../Engine/Content/EngineFonts/Faces/RobotoBoldItalic.uexp" 134
"../../../Engine/Content/EngineFonts/Faces/RobotoBoldItalic.ufont" 135
"../../../Engine/Content/EngineFonts/Faces/RobotoBold.uasset" 136
"../../../Engine/Content/EngineFonts/Faces/RobotoBold.uexp" 137
"../../../Engine/Content/EngineFonts/Faces/RobotoBold.ufont" 138
"../../../Engine/Content/EngineFonts/Faces/DroidSansFallback.uasset" 139
"../../../Engine/Content/EngineFonts/Faces/DroidSansFallback.uexp" 140
"../../../Engine/Content/EngineFonts/Faces/DroidSansFallback.ufont" 141
"../../../Engine/Content/EngineFonts/Roboto.uasset" 142
"../../../Engine/Content/EngineFonts/Roboto.uexp" 143
"../../../Engine/Content/EngineMaterials/BaseFlattenNormalMap.uasset" 144
"../../../Engine/Content/EngineMaterials/BaseFlattenNormalMap.uexp" 145
"../../../Engine/Content/EngineMaterials/BaseFlattenGrayscaleMap.uasset" 146
"../../../Engine/Content/EngineMaterials/BaseFlattenGrayscaleMap.uexp" 147
"../../../Engine/Content/EngineMaterials/BaseFlattenEmissiveMap.uasset" 148
"../../../Engine/Content/EngineMaterials/BaseFlattenEmissiveMap.uexp" 149
"../../../Engine/Content/EngineMaterials/BaseFlattenDiffuseMap.uasset" 150
"../../../Engine/Content/EngineMaterials/BaseFlattenDiffuseMap.uexp" 151
"../../../Engine/Content/EngineMaterials/BaseFlattenMaterial.uasset" 152
"../../../Engine/Content/EngineMaterials/BaseFlattenMaterial.uexp" 153
"../../../Engine/Content/EngineMaterials/BlueNoise.uasset" 154
"../../../Engine/Content/EngineMaterials/BlueNoise.uexp" 155
"../../../Engine/Content/EngineMaterials/DefaultBloomKernel.uasset" 156
"../../../Engine/Content/EngineMaterials/DefaultBloomKernel.uexp" 157
"../../../Engine/Content/EngineMaterials/DefaultBokeh.uasset" 158
"../../../Engine/Content/EngineMaterials/DefaultBokeh.uexp" 159
"../../../Engine/Content/EngineMaterials/DefaultDiffuse.uasset" 160
"../../../Engine/Content/EngineMaterials/DefaultDiffuse.uexp" 161
"../../../Engine/Content/EngineMaterials/DefaultDiffuse.ubulk" 162
"../../../Engine/Content/EngineMaterials/DefaultDeferredDecalMaterial.uasset" 163
"../../../Engine/Content/EngineMaterials/DefaultDeferredDecalMaterial.uexp" 164
"../../../Engine/Content/EngineMaterials/DefaultLightFunctionMaterial.uasset" 165
"../../../Engine/Content/EngineMaterials/DefaultLightFunctionMaterial.uexp" 166
"../../../Engine/Content/EngineMaterials/DefaultPhysicalMaterial.uasset" 167
"../../../Engine/Content/EngineMaterials/DefaultPhysicalMaterial.uexp" 168
"../../../Engine/Content/Functions/Engine_MaterialFunctions02/Utility/BreakOutFloat2Components.uasset" 169
"../../../Engine/Content/Functions/Engine_MaterialFunctions02/Utility/BreakOutFloat2Components.uexp" 170
"../../../Engine/Content/EngineMaterials/DefaultPostProcessMaterial.uasset" 171
"../../../Engine/Content/EngineMaterials/DefaultPostProcessMaterial.uexp" 172
"../../../Engine/Content/EngineFonts/RobotoDistanceField.uasset" 173
"../../../Engine/Content/EngineFonts/RobotoDistanceField.uexp" 174
"../../../Engine/Content/EngineMaterials/DefaultTextMaterialOpaque.uasset" 175
"../../../Engine/Content/EngineMaterials/DefaultTextMaterialOpaque.uexp" 176
"../../../Engine/Content/EngineMaterials/DefaultWhiteGrid.uasset" 177
"../../../Engine/Content/EngineMaterials/DefaultWhiteGrid.uexp" 178
"../../../Engine/Content/EngineMaterials/DefaultWhiteGrid.ubulk" 179
"../../../Engine/Content/EngineMaterials/DefaultWhiteGrid_Low.uasset" 180
"../../../Engine/Content/EngineMaterials/DefaultWhiteGrid_Low.uexp" 181
"../../../Engine/Content/EngineMaterials/EmissiveMeshMaterial.uasset" 182
"../../../Engine/Content/EngineMaterials/EmissiveMeshMaterial.uexp" 183
"../../../Engine/Content/EngineMaterials/GizmoMaterial.uasset" 184
"../../../Engine/Content/EngineMaterials/GizmoMaterial.uexp" 185
"../../../Engine/Content/EngineMaterials/Good64x64TilingNoiseHighFreq.uasset" 186
"../../../Engine/Content/EngineMaterials/Good64x64TilingNoiseHighFreq.uexp" 187
"../../../Engine/Content/EngineMaterials/MiniFont.uasset" 188
"../../../Engine/Content/EngineMaterials/MiniFont.uexp" 189
"../../../Engine/Content/EngineMaterials/InvalidLightmapSettings.uasset" 190
"../../../Engine/Content/EngineMaterials/InvalidLightmapSettings.uexp" 191
"../../../Engine/Content/EngineMaterials/InvalidLightmapSettings.ubulk" 192
"../../../Engine/Content/EngineMaterials/M_InvalidLightmapSettings.uasset" 193
"../../../Engine/Content/EngineMaterials/M_InvalidLightmapSettings.uexp" 194
"../../../Engine/Content/Functions/Engine_MaterialFunctions02/WorldPositionOffset/CameraOffset.uasset" 195
"../../../Engine/Content/Functions/Engine_MaterialFunctions02/WorldPositionOffset/CameraOffset.uexp" 196
"../../../Engine/Content/EngineMaterials/PhAT_JointLimitMaterial.uasset" 197
"../../../Engine/Content/EngineMaterials/PhAT_JointLimitMaterial.uexp" 198
"../../../Engine/Content/EngineMaterials/DefaultCalibrationColor.uasset" 199
"../../../Engine/Content/EngineMaterials/DefaultCalibrationColor.uexp" 200
"../../../Engine/Content/EngineMaterials/PPM_DefaultCalibrationColor.uasset" 201
"../../../Engine/Content/EngineMaterials/PPM_DefaultCalibrationColor.uexp" 202
"../../../Engine/Content/EngineMaterials/DefaultCalibrationGrayscale.uasset" 203
"../../../Engine/Content/EngineMaterials/DefaultCalibrationGrayscale.uexp" 204
"../../../Engine/Content/EngineMaterials/PPM_DefaultCalibrationGrayscale.uasset" 205
"../../../Engine/Content/EngineMaterials/PPM_DefaultCalibrationGrayscale.uexp" 206
"../../../Engine/Content/EngineMaterials/PreintegratedSkinBRDF.uasset" 207
"../../../Engine/Content/EngineMaterials/PreintegratedSkinBRDF.uexp" 208
"../../../Engine/Content/EngineMaterials/RemoveSurfaceMaterial.uasset" 209
"../../../Engine/Content/EngineMaterials/RemoveSurfaceMaterial.uexp" 210
"../../../Engine/Content/EngineMaterials/WeightMapPlaceholderTexture.uasset" 211
"../../../Engine/Content/EngineMaterials/WeightMapPlaceholderTexture.uexp" 212
"../../../Engine/Content/EngineResources/WhiteSquareTexture.uasset" 213
"../../../Engine/Content/EngineResources/WhiteSquareTexture.uexp" 214
"../../../Engine/Content/EngineMaterials/Widget3DPassThrough.uasset" 215
"../../../Engine/Content/EngineMaterials/Widget3DPassThrough.uexp" 216
"../../../Engine/Content/EngineMaterials/Widget3DPassThrough_Masked.uasset" 217
"../../../Engine/Content/EngineMaterials/Widget3DPassThrough_Masked.uexp" 218
"../../../Engine/Content/EngineMaterials/Widget3DPassThrough_Opaque.uasset" 219
"../../../Engine/Content/EngineMaterials/Widget3DPassThrough_Opaque.uexp" 220
"../../../Engine/Content/EngineMaterials/Widget3DPassThrough_Masked_OneSided.uasset" 221
"../../../Engine/Content/EngineMaterials/Widget3DPassThrough_Masked_OneSided.uexp" 222
"../../../Engine/Content/EngineMaterials/Widget3DPassThrough_Opaque_OneSided.uasset" 223
"../../../Engine/Content/EngineMaterials/Widget3DPassThrough_Opaque_OneSided.uexp" 224
"../../../Engine/Content/EngineMaterials/Widget3DPassThrough_Translucent.uasset" 225
"../../../Engine/Content/EngineMaterials/Widget3DPassThrough_Translucent.uexp" 226
"../../../Engine/Content/EngineMaterials/Widget3DPassThrough_Translucent_OneSided.uasset" 227
"../../../Engine/Content/EngineMaterials/Widget3DPassThrough_Translucent_OneSided.uexp" 228
"../../../Engine/Content/EngineMeshes/Cylinder.uasset" 229
"../../../Engine/Content/EngineMeshes/Cylinder.uexp" 230
"../../../Engine/Content/EngineMeshes/Sphere.uasset" 231
"../../../Engine/Content/EngineMeshes/Sphere.uexp" 232
"../../../Engine/Content/EngineResources/DefaultTexture.uasset" 233
"../../../Engine/Content/EngineResources/DefaultTexture.uexp" 234
"../../../Engine/Content/EngineResources/DefaultTexture.ubulk" 235
"../../../Engine/Content/EngineResources/DefaultTextureCube.uasset" 236
"../../../Engine/Content/EngineResources/DefaultTextureCube.uexp" 237
"../../../Engine/Content/EngineResources/DefaultVolumeTexture2D.uasset" 238
"../../../Engine/Content/EngineResources/DefaultVolumeTexture2D.uexp" 239
"../../../Engine/Content/EngineResources/DefaultVolumeTexture.uasset" 240
"../../../Engine/Content/EngineResources/DefaultVolumeTexture.uexp" 241
"../../../Engine/Content/EngineResources/GradientTexture0.uasset" 242
"../../../Engine/Content/EngineResources/GradientTexture0.uexp" 243
"../../../Engine/Content/EngineSky/VolumetricClouds/T_NoiseShape64.uasset" 244
"../../../Engine/Content/EngineSky/VolumetricClouds/T_NoiseShape64.uexp" 245
"../../../Engine/Content/EngineSky/VolumetricClouds/T_NoiseShape64.ubulk" 246
"../../../Engine/Content/EngineSky/VolumetricClouds/T_VolumeNoiseShape64.uasset" 247
"../../../Engine/Content/EngineSky/VolumetricClouds/T_VolumeNoiseShape64.uexp" 248
"../../../Engine/Content/EngineSky/VolumetricClouds/T_NoiseErosion.uasset" 249
"../../../Engine/Content/EngineSky/VolumetricClouds/T_NoiseErosion.uexp" 250
"../../../Engine/Content/EngineSky/VolumetricClouds/T_NoiseErosion.ubulk" 251
"../../../Engine/Content/EngineSky/VolumetricClouds/T_VolumeNoiseErosion32.uasset" 252
"../../../Engine/Content/EngineSky/VolumetricClouds/T_VolumeNoiseErosion32.uexp" 253
"../../../Engine/Content/EngineSky/VolumetricClouds/CloudWeatherTexture.uasset" 254
"../../../Engine/Content/EngineSky/VolumetricClouds/CloudWeatherTexture.uexp" 255
"../../../Engine/Content/EngineSky/VolumetricClouds/CloudGradientTexture.uasset" 256
"../../../Engine/Content/EngineSky/VolumetricClouds/CloudGradientTexture.uexp" 257
"../../../Engine/Content/Functions/Engine_MaterialFunctions02/Utility/MakeFloat2.uasset" 258
"../../../Engine/Content/Functions/Engine_MaterialFunctions02/Utility/MakeFloat2.uexp" 259
"../../../Engine/Content/EngineSky/VolumetricClouds/m_SimpleVolumetricCloud.uasset" 260
"../../../Engine/Content/EngineSky/VolumetricClouds/m_SimpleVolumetricCloud.uexp" 261
"../../../Engine/Content/EngineSky/VolumetricClouds/m_SimpleVolumetricCloud_Inst.uasset" 262
"../../../Engine/Content/EngineSky/VolumetricClouds/m_SimpleVolumetricCloud_Inst.uexp" 263
"../../../Engine/Content/EngineSounds/Master.uasset" 264
"../../../Engine/Content/EngineSounds/Master.uexp" 265
"../../../Engine/Content/Functions/Engine_MaterialFunctions01/Shading/PowerToRoughness.uasset" 266
"../../../Engine/Content/Functions/Engine_MaterialFunctions01/Shading/PowerToRoughness.uexp" 267
"../../../Engine/Content/Maps/Templates/Thumbnails/Default.uasset" 268
"../../../Engine/Content/Maps/Templates/Thumbnails/Default.uexp" 269
"../../../Engine/Content/Maps/Templates/Thumbnails/TimeOfDay.uasset" 270
"../../../Engine/Content/Maps/Templates/Thumbnails/TimeOfDay.uexp" 271
"../../../Engine/Content/Maps/Templates/Thumbnails/VR-Basic.uasset" 272
"../../../Engine/Content/Maps/Templates/Thumbnails/VR-Basic.uexp" 273
"../../../Engine/Content/MobileResources/T_MobileControls_texture.uasset" 274
"../../../Engine/Content/MobileResources/T_MobileControls_texture.uexp" 275
"../../../Engine/Content/MobileResources/T_MobileMenu2.uasset" 276
"../../../Engine/Content/MobileResources/T_MobileMenu2.uexp" 277
"../../../Engine/Content/MobileResources/HUD/AnalogHat.uasset" 278
"../../../Engine/Content/MobileResources/HUD/AnalogHat.uexp" 279
"../../../Engine/Content/MobileResources/HUD/VirtualJoystick_Thumb.uasset" 280
"../../../Engine/Content/MobileResources/HUD/VirtualJoystick_Thumb.uexp" 281
"../../../Engine/Content/MobileResources/HUD/VirtualJoystick_Background.uasset" 282
"../../../Engine/Content/MobileResources/HUD/VirtualJoystick_Background.uexp" 283
"../../../Engine/Content/MobileResources/HUD/DefaultVirtualJoysticks.uasset" 284
"../../../Engine/Content/MobileResources/HUD/DefaultVirtualJoysticks.uexp" 285
"../../../Engine/Content/MobileResources/HUD/LeftVirtualJoystickOnly.uasset" 286
"../../../Engine/Content/MobileResources/HUD/LeftVirtualJoystickOnly.uexp" 287
"../../../Engine/Content/MobileResources/HUD/MobileHUDButton1_off.uasset" 288
"../../../Engine/Content/MobileResources/HUD/MobileHUDButton1_off.uexp" 289
"../../../Engine/Content/MobileResources/HUD/MobileHUDButton1_on.uasset" 290
"../../../Engine/Content/MobileResources/HUD/MobileHUDButton1_on.uexp" 291
"../../../Engine/Content/MobileResources/HUD/MobileHUDButton2_off.uasset" 292
"../../../Engine/Content/MobileResources/HUD/MobileHUDButton2_off.uexp" 293
"../../../Engine/Content/MobileResources/HUD/MobileHUDButton2_on.uasset" 294
"../../../Engine/Content/MobileResources/HUD/MobileHUDButton2_on.uexp" 295
"../../../Engine/Content/MobileResources/HUD/MobileHUDButton3.uasset" 296
"../../../Engine/Content/MobileResources/HUD/MobileHUDButton3.uexp" 297
"../../../Engine/Content/MobileResources/HUD/MobileHUDButtonFire.uasset" 298
"../../../Engine/Content/MobileResources/HUD/MobileHUDButtonFire.uexp" 299
"../../../Engine/Content/MobileResources/HUD/MobileHUDDirectionPad.uasset" 300
"../../../Engine/Content/MobileResources/HUD/MobileHUDDirectionPad.uexp" 301
"../../../Engine/Content/MobileResources/HUD/MobileHUDDirectionPad2.uasset" 302
"../../../Engine/Content/MobileResources/HUD/MobileHUDDirectionPad2.uexp" 303
"../../../Engine/Content/MobileResources/HUD/MobileHUDDirectionPad3.uasset" 304
"../../../Engine/Content/MobileResources/HUD/MobileHUDDirectionPad3.uexp" 305
"../../../Engine/Content/MobileResources/HUD/MobileHUDDirectionStick.uasset" 306
"../../../Engine/Content/MobileResources/HUD/MobileHUDDirectionStick.uexp" 307
"../../../Engine/Content/MobileResources/HUD/T_Castle_ThumbstickInner.uasset" 308
"../../../Engine/Content/MobileResources/HUD/T_Castle_ThumbstickInner.uexp" 309
"../../../Engine/Content/MobileResources/HUD/T_Castle_ThumbstickOutter.uasset" 310
"../../../Engine/Content/MobileResources/HUD/T_Castle_ThumbstickOutter.uexp" 311
"../../../Engine/Content/Tutorial/ContentIntroCurve.uasset" 312
"../../../Engine/Content/Tutorial/ContentIntroCurve.uexp" 313
"../../../Engine/Content/VREditor/TransformGizmo/TranslucentTransformGizmoMaterial.uasset" 314
"../../../Engine/Content/VREditor/TransformGizmo/TranslucentTransformGizmoMaterial.uexp" 315
"../../../Engine/Content/VREditor/LaserPointer/VR_LaserPower_01.uasset" 316
"../../../Engine/Content/VREditor/LaserPointer/VR_LaserPower_01.uexp" 317
"../../../Engine/Content/VREditor/LaserPointer/VR_LaserPower_01.ubulk" 318
"../../../Engine/Content/VREditor/TransformGizmo/TransformGizmoMaterial.uasset" 319
"../../../Engine/Content/VREditor/TransformGizmo/TransformGizmoMaterial.uexp" 320
"../../../Engine/Content/VREditor/TransformGizmo/BoundingBoxCorner.uasset" 321
"../../../Engine/Content/VREditor/TransformGizmo/BoundingBoxCorner.uexp" 322
"../../../Engine/Content/VREditor/TransformGizmo/BoundingBoxEdge.uasset" 323
"../../../Engine/Content/VREditor/TransformGizmo/BoundingBoxEdge.uexp" 324
"../../../Engine/Content/VREditor/TransformGizmo/PlaneTranslationHandle.uasset" 325
"../../../Engine/Content/VREditor/TransformGizmo/PlaneTranslationHandle.uexp" 326
"../../../Engine/Content/VREditor/TransformGizmo/Xray.uasset" 327
"../../../Engine/Content/VREditor/TransformGizmo/Xray.uexp" 328
"../../../Engine/Content/VREditor/TransformGizmo/Main.uasset" 329
"../../../Engine/Content/VREditor/TransformGizmo/Main.uexp" 330
"../../../Engine/Content/VREditor/TransformGizmo/SM_Sequencer_Key.uasset" 331
"../../../Engine/Content/VREditor/TransformGizmo/SM_Sequencer_Key.uexp" 332
"../../../Engine/Content/VREditor/TransformGizmo/SM_Sequencer_Node.uasset" 333
"../../../Engine/Content/VREditor/TransformGizmo/SM_Sequencer_Node.uexp" 334
"../../../Engine/Plugins/2D/Paper2D/Content/PlaceholderTextures/DummySpriteTexture.uasset" 335
"../../../Engine/Plugins/2D/Paper2D/Content/PlaceholderTextures/DummySpriteTexture.uexp" 336
"../../../Engine/Plugins/2D/Paper2D/Content/PlaceholderTextures/DummySpriteTexture.ubulk" 337
"../../../Engine/Plugins/2D/Paper2D/Content/DummySprite.uasset" 338
"../../../Engine/Plugins/2D/Paper2D/Content/DummySprite.uexp" 339
"../../../Engine/Plugins/2D/Paper2D/Content/DefaultPaperTerrainMaterial.uasset" 340
"../../../Engine/Plugins/2D/Paper2D/Content/DefaultPaperTerrainMaterial.uexp" 341
"../../../Engine/Plugins/2D/Paper2D/Content/DefaultSpriteMaterial.uasset" 342
"../../../Engine/Plugins/2D/Paper2D/Content/DefaultSpriteMaterial.uexp" 343
"../../../Engine/Plugins/2D/Paper2D/Content/MaskedUnlitSpriteMaterial.uasset" 344
"../../../Engine/Plugins/2D/Paper2D/Content/MaskedUnlitSpriteMaterial.uexp" 345
"../../../Engine/Plugins/2D/Paper2D/Content/OpaqueUnlitSpriteMaterial.uasset" 346
"../../../Engine/Plugins/2D/Paper2D/Content/OpaqueUnlitSpriteMaterial.uexp" 347
"../../../Engine/Content/BasicShapes/Cylinder.uasset" 348
"../../../Engine/Content/BasicShapes/Cylinder.uexp" 349
"../../../Engine/Content/ArtTools/RenderToTexture/Materials/Debug/M_Emissive_Color.uasset" 350
"../../../Engine/Content/ArtTools/RenderToTexture/Materials/Debug/M_Emissive_Color.uexp" 351
"../../../Engine/Plugins/Lumin/MagicLeapPassableWorld/Content/MagicLeapARPinInfoActor.uasset" 352
"../../../Engine/Plugins/Lumin/MagicLeapPassableWorld/Content/MagicLeapARPinInfoActor.uexp" 353
"../../../Engine/Content/Functions/Engine_MaterialFunctions02/Utility/BreakOutFloat3Components.uasset" 354
"../../../Engine/Content/Functions/Engine_MaterialFunctions02/Utility/BreakOutFloat3Components.uexp" 355
"../../../Engine/Plugins/Editor/SpeedTreeImporter/Content/SpeedTree9/UnpackInteger3.uasset" 356
"../../../Engine/Plugins/Editor/SpeedTreeImporter/Content/SpeedTree9/UnpackInteger3.uexp" 357
"../../../Engine/Plugins/Editor/SpeedTreeImporter/Content/SpeedTree9/UnpackDirection.uasset" 358
"../../../Engine/Plugins/Editor/SpeedTreeImporter/Content/SpeedTree9/UnpackDirection.uexp" 359
"../../../Engine/Plugins/Editor/SpeedTreeImporter/Content/SpeedTree9/game_wind_noise.uasset" 360
"../../../Engine/Plugins/Editor/SpeedTreeImporter/Content/SpeedTree9/game_wind_noise.uexp" 361
"../../../Engine/Plugins/Editor/SpeedTreeImporter/Content/SpeedTree9/game_wind_noise.ubulk" 362
"../../../Engine/Content/Functions/Engine_MaterialFunctions02/SafeNormalize.uasset" 363
"../../../Engine/Content/Functions/Engine_MaterialFunctions02/SafeNormalize.uexp" 364
"../../../Engine/Plugins/Editor/SpeedTreeImporter/Content/SpeedTree9/SpeedTreeWindMotion.uasset" 365
"../../../Engine/Plugins/Editor/SpeedTreeImporter/Content/SpeedTree9/SpeedTreeWindMotion.uexp" 366
"../../../Engine/Plugins/Editor/SpeedTreeImporter/Content/SpeedTree9/SpeedTreeBranchMotion.uasset" 367
"../../../Engine/Plugins/Editor/SpeedTreeImporter/Content/SpeedTree9/SpeedTreeBranchMotion.uexp" 368
"../../../Engine/Content/Functions/Engine_MaterialFunctions02/ObjectLocalBounds.uasset" 369
"../../../Engine/Content/Functions/Engine_MaterialFunctions02/ObjectLocalBounds.uexp" 370
"../../../Engine/Content/Functions/Engine_MaterialFunctions02/UVs/BoundingBoxBased_0-1_UVW.uasset" 371
"../../../Engine/Content/Functions/Engine_MaterialFunctions02/UVs/BoundingBoxBased_0-1_UVW.uexp" 372
"../../../Engine/Content/Functions/Engine_MaterialFunctions02/Utility/VectorLength.uasset" 373
"../../../Engine/Content/Functions/Engine_MaterialFunctions02/Utility/VectorLength.uexp" 374
"../../../Engine/Content/Functions/Engine_MaterialFunctions02/WorldPositionOffset/ObjectScale.uasset" 375
"../../../Engine/Content/Functions/Engine_MaterialFunctions02/WorldPositionOffset/ObjectScale.uexp" 376
"../../../Engine/Plugins/Editor/SpeedTreeImporter/Content/SpeedTree9/SpeedTreeWind.uasset" 377
"../../../Engine/Plugins/Editor/SpeedTreeImporter/Content/SpeedTree9/SpeedTreeWind.uexp" 378
"../../../Engine/Plugins/Editor/SpeedTreeImporter/Content/SpeedTree9/SpeedTreeBillboard.uasset" 379
"../../../Engine/Plugins/Editor/SpeedTreeImporter/Content/SpeedTree9/SpeedTreeBillboard.uexp" 380
"../../../Engine/Plugins/Editor/SpeedTreeImporter/Content/SpeedTree9/EmptyNormal.uasset" 381
"../../../Engine/Plugins/Editor/SpeedTreeImporter/Content/SpeedTree9/EmptyNormal.uexp" 382
"../../../Engine/Plugins/Editor/SpeedTreeImporter/Content/SpeedTree9/Empty.uasset" 383
"../../../Engine/Plugins/Editor/SpeedTreeImporter/Content/SpeedTree9/Empty.uexp" 384
"../../../Engine/Plugins/Editor/SpeedTreeImporter/Content/SpeedTree9/SpeedTreeBillboardMaster.uasset" 385
"../../../Engine/Plugins/Editor/SpeedTreeImporter/Content/SpeedTree9/SpeedTreeBillboardMaster.uexp" 386
"../../../Engine/Plugins/Editor/SpeedTreeImporter/Content/SpeedTree9/SpeedTreeCameraFacing.uasset" 387
"../../../Engine/Plugins/Editor/SpeedTreeImporter/Content/SpeedTree9/SpeedTreeCameraFacing.uexp" 388
"../../../Engine/Plugins/Editor/SpeedTreeImporter/Content/SpeedTree9/SpeedTreeMaster.uasset" 389
"../../../Engine/Plugins/Editor/SpeedTreeImporter/Content/SpeedTree9/SpeedTreeMaster.uexp" 390
"../../../Engine/Plugins/Runtime/OpenXR/Content/Devices/GoogleDaydream/MRTexture.uasset" 391
"../../../Engine/Plugins/Runtime/OpenXR/Content/Devices/GoogleDaydream/MRTexture.uexp" 392
"../../../Engine/Plugins/Runtime/OpenXR/Content/Devices/GoogleDaydream/MRTexture.ubulk" 393
"../../../Engine/Plugins/Runtime/OpenXR/Content/Devices/GoogleDaydream/BaseTexture.uasset" 394
"../../../Engine/Plugins/Runtime/OpenXR/Content/Devices/GoogleDaydream/BaseTexture.uexp" 395
"../../../Engine/Plugins/Runtime/OpenXR/Content/Devices/GoogleDaydream/BaseTexture.ubulk" 396
"../../../Engine/Content/EngineResources/Black.uasset" 397
"../../../Engine/Content/EngineResources/Black.uexp" 398
"../../../Engine/Plugins/Runtime/OpenXR/Content/Devices/M_XRController.uasset" 399
"../../../Engine/Plugins/Runtime/OpenXR/Content/Devices/M_XRController.uexp" 400
"../../../Engine/Plugins/Runtime/OpenXR/Content/Devices/GoogleDaydream/MI_GoogleDaydream.uasset" 401
"../../../Engine/Plugins/Runtime/OpenXR/Content/Devices/GoogleDaydream/MI_GoogleDaydream.uexp" 402
"../../../Engine/Plugins/Runtime/OpenXR/Content/Devices/GoogleDaydream/GoogleDaydreamController.uasset" 403
"../../../Engine/Plugins/Runtime/OpenXR/Content/Devices/GoogleDaydream/GoogleDaydreamController.uexp" 404
"../../../Engine/Plugins/Runtime/OpenXR/Content/Devices/HTCVive/BaseTexture.uasset" 405
"../../../Engine/Plugins/Runtime/OpenXR/Content/Devices/HTCVive/BaseTexture.uexp" 406
"../../../Engine/Plugins/Runtime/OpenXR/Content/Devices/HTCVive/BaseTexture.ubulk" 407
"../../../Engine/Plugins/Runtime/OpenXR/Content/Devices/HTCVive/MI_HTCVive.uasset" 408
"../../../Engine/Plugins/Runtime/OpenXR/Content/Devices/HTCVive/MI_HTCVive.uexp" 409
"../../../Engine/Plugins/Runtime/OpenXR/Content/Devices/HTCVive/HTCViveController.uasset" 410
"../../../Engine/Plugins/Runtime/OpenXR/Content/Devices/HTCVive/HTCViveController.uexp" 411
"../../../Engine/Plugins/Runtime/OpenXR/Content/Devices/MicrosoftMixedReality/NormalTexture.uasset" 412
"../../../Engine/Plugins/Runtime/OpenXR/Content/Devices/MicrosoftMixedReality/NormalTexture.uexp" 413
"../../../Engine/Plugins/Runtime/OpenXR/Content/Devices/MicrosoftMixedReality/NormalTexture.ubulk" 414
"../../../Engine/Plugins/Runtime/OpenXR/Content/Devices/MicrosoftMixedReality/MRTexture.uasset" 415
"../../../Engine/Plugins/Runtime/OpenXR/Content/Devices/MicrosoftMixedReality/MRTexture.uexp" 416
"../../../Engine/Plugins/Runtime/OpenXR/Content/Devices/MicrosoftMixedReality/MRTexture.ubulk" 417
"../../../Engine/Plugins/Runtime/OpenXR/Content/Devices/MicrosoftMixedReality/EmissiveTexture.uasset" 418
"../../../Engine/Plugins/Runtime/OpenXR/Content/Devices/MicrosoftMixedReality/EmissiveTexture.uexp" 419
"../../../Engine/Plugins/Runtime/OpenXR/Content/Devices/MicrosoftMixedReality/EmissiveTexture.ubulk" 420
"../../../Engine/Plugins/Runtime/OpenXR/Content/Devices/MicrosoftMixedReality/BaseTexture.uasset" 421
"../../../Engine/Plugins/Runtime/OpenXR/Content/Devices/MicrosoftMixedReality/BaseTexture.uexp" 422
"../../../Engine/Plugins/Runtime/OpenXR/Content/Devices/MicrosoftMixedReality/BaseTexture.ubulk" 423
"../../../Engine/Plugins/Runtime/OpenXR/Content/Devices/MicrosoftMixedReality/MI_MicrosoftMixedReality.uasset" 424
"../../../Engine/Plugins/Runtime/OpenXR/Content/Devices/MicrosoftMixedReality/MI_MicrosoftMixedReality.uexp" 425
"../../../Engine/Plugins/Runtime/OpenXR/Content/Devices/MicrosoftMixedReality/Left/left_MicrosoftMixedRealityController.uasset" 426
"../../../Engine/Plugins/Runtime/OpenXR/Content/Devices/MicrosoftMixedReality/Left/left_MicrosoftMixedRealityController.uexp" 427
"../../../Engine/Plugins/Runtime/OpenXR/Content/Devices/MicrosoftMixedReality/Right/right_MicrosoftMixedRealityController.uasset" 428
"../../../Engine/Plugins/Runtime/OpenXR/Content/Devices/MicrosoftMixedReality/Right/right_MicrosoftMixedRealityController.uexp" 429
"../../../Engine/Plugins/Runtime/OpenXR/Content/Devices/OculusGo/BaseTexture.uasset" 430
"../../../Engine/Plugins/Runtime/OpenXR/Content/Devices/OculusGo/BaseTexture.uexp" 431
"../../../Engine/Plugins/Runtime/OpenXR/Content/Devices/OculusGo/BaseTexture.ubulk" 432
"../../../Engine/Plugins/Runtime/OpenXR/Content/Devices/OculusGo/MI_OculusGo.uasset" 433
"../../../Engine/Plugins/Runtime/OpenXR/Content/Devices/OculusGo/MI_OculusGo.uexp" 434
"../../../Engine/Plugins/Runtime/OpenXR/Content/Devices/OculusGo/OculusGoController.uasset" 435
"../../../Engine/Plugins/Runtime/OpenXR/Content/Devices/OculusGo/OculusGoController.uexp" 436
"../../../Engine/Plugins/Runtime/OpenXR/Content/Devices/OculusTouch/MRTexture.uasset" 437
"../../../Engine/Plugins/Runtime/OpenXR/Content/Devices/OculusTouch/MRTexture.uexp" 438
"../../../Engine/Plugins/Runtime/OpenXR/Content/Devices/OculusTouch/MRTexture.ubulk" 439
"../../../Engine/Plugins/Runtime/OpenXR/Content/Devices/OculusTouch/BaseTexture.uasset" 440
"../../../Engine/Plugins/Runtime/OpenXR/Content/Devices/OculusTouch/BaseTexture.uexp" 441
"../../../Engine/Plugins/Runtime/OpenXR/Content/Devices/OculusTouch/BaseTexture.ubulk" 442
"../../../Engine/Plugins/Runtime/OpenXR/Content/Devices/OculusTouch/MI_OculusTouch.uasset" 443
"../../../Engine/Plugins/Runtime/OpenXR/Content/Devices/OculusTouch/MI_OculusTouch.uexp" 444
"../../../Engine/Plugins/Runtime/OpenXR/Content/Devices/OculusTouch/Left/left_OculusTouchController.uasset" 445
"../../../Engine/Plugins/Runtime/OpenXR/Content/Devices/OculusTouch/Left/left_OculusTouchController.uexp" 446
"../../../Engine/Plugins/Runtime/OpenXR/Content/Devices/OculusTouch/Right/right_OculusTouchController.uasset" 447
"../../../Engine/Plugins/Runtime/OpenXR/Content/Devices/OculusTouch/Right/right_OculusTouchController.uexp" 448
"../../../Engine/Plugins/Runtime/OpenXR/Content/Devices/OculusTouch_v2/MRTexture.uasset" 449
"../../../Engine/Plugins/Runtime/OpenXR/Content/Devices/OculusTouch_v2/MRTexture.uexp" 450
"../../../Engine/Plugins/Runtime/OpenXR/Content/Devices/OculusTouch_v2/MRTexture.ubulk" 451
"../../../Engine/Plugins/Runtime/OpenXR/Content/Devices/OculusTouch_v2/BaseTexture.uasset" 452
"../../../Engine/Plugins/Runtime/OpenXR/Content/Devices/OculusTouch_v2/BaseTexture.uexp" 453
"../../../Engine/Plugins/Runtime/OpenXR/Content/Devices/OculusTouch_v2/BaseTexture.ubulk" 454
"../../../Engine/Plugins/Runtime/OpenXR/Content/Devices/OculusTouch_v2/MI_OculusTouch_v2.uasset" 455
"../../../Engine/Plugins/Runtime/OpenXR/Content/Devices/OculusTouch_v2/MI_OculusTouch_v2.uexp" 456
"../../../Engine/Plugins/Runtime/OpenXR/Content/Devices/OculusTouch_v2/Left/left_OculusTouch_v2Controller.uasset" 457
"../../../Engine/Plugins/Runtime/OpenXR/Content/Devices/OculusTouch_v2/Left/left_OculusTouch_v2Controller.uexp" 458
"../../../Engine/Plugins/Runtime/OpenXR/Content/Devices/OculusTouch_v2/Right/right_OculusTouch_v2Controller.uasset" 459
"../../../Engine/Plugins/Runtime/OpenXR/Content/Devices/OculusTouch_v2/Right/right_OculusTouch_v2Controller.uexp" 460
"../../../Engine/Plugins/Runtime/OpenXR/Content/Devices/OculusTouch_v3/MRTexture.uasset" 461
"../../../Engine/Plugins/Runtime/OpenXR/Content/Devices/OculusTouch_v3/MRTexture.uexp" 462
"../../../Engine/Plugins/Runtime/OpenXR/Content/Devices/OculusTouch_v3/MRTexture.ubulk" 463
"../../../Engine/Plugins/Runtime/OpenXR/Content/Devices/OculusTouch_v3/BaseTexture.uasset" 464
"../../../Engine/Plugins/Runtime/OpenXR/Content/Devices/OculusTouch_v3/BaseTexture.uexp" 465
"../../../Engine/Plugins/Runtime/OpenXR/Content/Devices/OculusTouch_v3/BaseTexture.ubulk" 466
"../../../Engine/Plugins/Runtime/OpenXR/Content/Devices/OculusTouch_v3/MI_OculusTouch_v3.uasset" 467
"../../../Engine/Plugins/Runtime/OpenXR/Content/Devices/OculusTouch_v3/MI_OculusTouch_v3.uexp" 468
"../../../Engine/Plugins/Runtime/OpenXR/Content/Devices/OculusTouch_v3/Left/left_OculusTouch_v3Controller.uasset" 469
"../../../Engine/Plugins/Runtime/OpenXR/Content/Devices/OculusTouch_v3/Left/left_OculusTouch_v3Controller.uexp" 470
"../../../Engine/Plugins/Runtime/OpenXR/Content/Devices/OculusTouch_v3/Right/right_OculusTouch_v3Controller.uasset" 471
"../../../Engine/Plugins/Runtime/OpenXR/Content/Devices/OculusTouch_v3/Right/right_OculusTouch_v3Controller.uexp" 472
"../../../Engine/Plugins/Runtime/OpenXR/Content/Devices/ValveIndex/MRTexture.uasset" 473
"../../../Engine/Plugins/Runtime/OpenXR/Content/Devices/ValveIndex/MRTexture.uexp" 474
"../../../Engine/Plugins/Runtime/OpenXR/Content/Devices/ValveIndex/MRTexture.ubulk" 475
"../../../Engine/Plugins/Runtime/OpenXR/Content/Devices/ValveIndex/BaseTexture.uasset" 476
"../../../Engine/Plugins/Runtime/OpenXR/Content/Devices/ValveIndex/BaseTexture.uexp" 477
"../../../Engine/Plugins/Runtime/OpenXR/Content/Devices/ValveIndex/BaseTexture.ubulk" 478
"../../../Engine/Plugins/Runtime/OpenXR/Content/Devices/ValveIndex/Left/MI_left_ValveIndex.uasset" 479
"../../../Engine/Plugins/Runtime/OpenXR/Content/Devices/ValveIndex/Left/MI_left_ValveIndex.uexp" 480
"../../../Engine/Plugins/Runtime/OpenXR/Content/Devices/ValveIndex/Left/left_ValveIndexController.uasset" 481
"../../../Engine/Plugins/Runtime/OpenXR/Content/Devices/ValveIndex/Left/left_ValveIndexController.uexp" 482
"../../../Engine/Plugins/Runtime/OpenXR/Content/Devices/ValveIndex/Right/MI_right_ValveIndex.uasset" 483
"../../../Engine/Plugins/Runtime/OpenXR/Content/Devices/ValveIndex/Right/MI_right_ValveIndex.uexp" 484
"../../../Engine/Plugins/Runtime/OpenXR/Content/Devices/ValveIndex/Right/right_ValveIndexController.uasset" 485
"../../../Engine/Plugins/Runtime/OpenXR/Content/Devices/ValveIndex/Right/right_ValveIndexController.uexp" 486
"../../../Engine/Content/Functions/Engine_MaterialFunctions02/Utility/BreakOutFloat4Components.uasset" 487
"../../../Engine/Content/Functions/Engine_MaterialFunctions02/Utility/BreakOutFloat4Components.uexp" 488
"../../../Engine/Content/Functions/Engine_MaterialFunctions02/Utility/MakeFloat3.uasset" 489
"../../../Engine/Content/Functions/Engine_MaterialFunctions02/Utility/MakeFloat3.uexp" 490
"../../../Engine/Plugins/Runtime/Oculus/OculusVR/Content/Materials/OculusMR_ChromaKey.uasset" 491
"../../../Engine/Plugins/Runtime/Oculus/OculusVR/Content/Materials/OculusMR_ChromaKey.uexp" 492
"../../../Engine/Plugins/Runtime/Oculus/OculusVR/Content/Materials/OculusMR_OpaqueColoredMaterial.uasset" 493
"../../../Engine/Plugins/Runtime/Oculus/OculusVR/Content/Materials/OculusMR_OpaqueColoredMaterial.uexp" 494
"../../../Engine/Plugins/Runtime/Oculus/OculusVR/Content/Materials/PokeAHoleMaterial.uasset" 495
"../../../Engine/Plugins/Runtime/Oculus/OculusVR/Content/Materials/PokeAHoleMaterial.uexp" 496
"../../../Engine/Plugins/Runtime/Oculus/OculusVR/Content/Textures/touchController_controlmap.uasset" 497
"../../../Engine/Plugins/Runtime/Oculus/OculusVR/Content/Textures/touchController_controlmap.uexp" 498
"../../../Engine/Plugins/Runtime/Oculus/OculusVR/Content/Textures/touchController_controlmap.ubulk" 499
"../../../Engine/Plugins/Runtime/Oculus/OculusVR/Content/Textures/touchController_albedo.uasset" 500
"../../../Engine/Plugins/Runtime/Oculus/OculusVR/Content/Textures/touchController_albedo.uexp" 501
"../../../Engine/Plugins/Runtime/Oculus/OculusVR/Content/Textures/touchController_albedo.ubulk" 502
"../../../Engine/Plugins/Runtime/Oculus/OculusVR/Content/Materials/touchController_mat.uasset" 503
"../../../Engine/Plugins/Runtime/Oculus/OculusVR/Content/Materials/touchController_mat.uexp" 504
"../../../Engine/Plugins/Runtime/Oculus/OculusVR/Content/Meshes/LeftTouchController.uasset" 505
"../../../Engine/Plugins/Runtime/Oculus/OculusVR/Content/Meshes/LeftTouchController.uexp" 506
"../../../Engine/Plugins/Runtime/Oculus/OculusVR/Content/Textures/TouchForQuestRiftSController_albedo.uasset" 507
"../../../Engine/Plugins/Runtime/Oculus/OculusVR/Content/Textures/TouchForQuestRiftSController_albedo.uexp" 508
"../../../Engine/Plugins/Runtime/Oculus/OculusVR/Content/Textures/TouchForQuestRiftSController_albedo.ubulk" 509
"../../../Engine/Plugins/Runtime/Oculus/OculusVR/Content/Materials/TouchForQuestRiftSControllerMaterial.uasset" 510
"../../../Engine/Plugins/Runtime/Oculus/OculusVR/Content/Materials/TouchForQuestRiftSControllerMaterial.uexp" 511
"../../../Engine/Plugins/Runtime/Oculus/OculusVR/Content/Meshes/LeftTouchForQuestRiftSController.uasset" 512
"../../../Engine/Plugins/Runtime/Oculus/OculusVR/Content/Meshes/LeftTouchForQuestRiftSController.uexp" 513
"../../../Engine/Plugins/Runtime/Oculus/OculusVR/Content/Meshes/RiftHMD.uasset" 514
"../../../Engine/Plugins/Runtime/Oculus/OculusVR/Content/Meshes/RiftHMD.uexp" 515
"../../../Engine/Plugins/Runtime/Oculus/OculusVR/Content/Meshes/RightTouchController.uasset" 516
"../../../Engine/Plugins/Runtime/Oculus/OculusVR/Content/Meshes/RightTouchController.uexp" 517
"../../../Engine/Plugins/Runtime/Oculus/OculusVR/Content/Meshes/RightTouchForQuestRiftSController.uasset" 518
"../../../Engine/Plugins/Runtime/Oculus/OculusVR/Content/Meshes/RightTouchForQuestRiftSController.uexp" 519
"E:/UnrealProjects/GhostHunt/Content/GhostHuntGraphics/VSGLogo.uasset" 520
"E:/UnrealProjects/GhostHunt/Content/GhostHuntGraphics/VSGLogo.uexp" 521
"E:/UnrealProjects/GhostHunt/Content/GhostHuntGraphics/VSGLogo.ubulk" 522
"E:/UnrealProjects/GhostHunt/Content/GhostHuntGraphics/GhostHuntPageBackground.uasset" 523
"E:/UnrealProjects/GhostHunt/Content/GhostHuntGraphics/GhostHuntPageBackground.uexp" 524
"E:/UnrealProjects/GhostHunt/Content/Maps/InGameSpashScreen/WB_VSGLogo.uasset" 525
"E:/UnrealProjects/GhostHunt/Content/Maps/InGameSpashScreen/WB_VSGLogo.uexp" 526
"E:/UnrealProjects/GhostHunt/Content/GhostHuntGraphics/GhostHuntLibraryLogo.uasset" 527
"E:/UnrealProjects/GhostHunt/Content/GhostHuntGraphics/GhostHuntLibraryLogo.uexp" 528
"E:/UnrealProjects/GhostHunt/Content/Maps/InGameSpashScreen/WB_GhostHuntLogo.uasset" 529
"E:/UnrealProjects/GhostHunt/Content/Maps/InGameSpashScreen/WB_GhostHuntLogo.uexp" 530
"E:/UnrealProjects/GhostHunt/Content/Maps/InGameSpashScreen/InGameSplashScreen.uexp" 531
"E:/UnrealProjects/GhostHunt/Content/Maps/InGameSpashScreen/InGameSplashScreen.umap" 532
"E:/UnrealProjects/GhostHunt/Content/Blueprints/LanguageEnum.uasset" 533
"E:/UnrealProjects/GhostHunt/Content/Blueprints/LanguageEnum.uexp" 534
"E:/UnrealProjects/GhostHunt/Content/Maps/WB_ErrorMessage.uasset" 535
"E:/UnrealProjects/GhostHunt/Content/Maps/WB_ErrorMessage.uexp" 536
"E:/UnrealProjects/GhostHunt/Content/Blueprints/GI_GhostHunt.uasset" 537
"E:/UnrealProjects/GhostHunt/Content/Blueprints/GI_GhostHunt.uexp" 538
"E:/UnrealProjects/GhostHunt/Content/Maps/Lobby/PC_Lobby.uasset" 539
"E:/UnrealProjects/GhostHunt/Content/Maps/Lobby/PC_Lobby.uexp" 540
"E:/UnrealProjects/GhostHunt/Content/FirstPerson/Textures/FirstPersonCrosshair.uasset" 541
"E:/UnrealProjects/GhostHunt/Content/FirstPerson/Textures/FirstPersonCrosshair.uexp" 542
"E:/UnrealProjects/GhostHunt/Content/Blueprints/Hud_GhostHunt.uasset" 543
"E:/UnrealProjects/GhostHunt/Content/Blueprints/Hud_GhostHunt.uexp" 544
"E:/UnrealProjects/GhostHunt/Content/Blueprints/Avatars/VoipAttenuation.uasset" 545
"E:/UnrealProjects/GhostHunt/Content/Blueprints/Avatars/VoipAttenuation.uexp" 546
"E:/UnrealProjects/GhostHunt/Content/FirstPerson/Character/Mesh/SK_Mannequin_Arms_Skeleton.uasset" 547
"E:/UnrealProjects/GhostHunt/Content/FirstPerson/Character/Mesh/SK_Mannequin_Arms_Skeleton.uexp" 548
"E:/UnrealProjects/GhostHunt/Content/FirstPerson/Animations/FirstPerson_Idle.uasset" 549
"E:/UnrealProjects/GhostHunt/Content/FirstPerson/Animations/FirstPerson_Idle.uexp" 550
"E:/UnrealProjects/GhostHunt/Content/FirstPerson/Animations/FirstPerson_JumpEnd.uasset" 551
"E:/UnrealProjects/GhostHunt/Content/FirstPerson/Animations/FirstPerson_JumpEnd.uexp" 552
"E:/UnrealProjects/GhostHunt/Content/FirstPerson/Animations/FirstPerson_JumpLoop.uasset" 553
"E:/UnrealProjects/GhostHunt/Content/FirstPerson/Animations/FirstPerson_JumpLoop.uexp" 554
"E:/UnrealProjects/GhostHunt/Content/FirstPerson/Animations/FirstPerson_JumpStart.uasset" 555
"E:/UnrealProjects/GhostHunt/Content/FirstPerson/Animations/FirstPerson_JumpStart.uexp" 556
"E:/UnrealProjects/GhostHunt/Content/FirstPerson/Animations/FirstPerson_Run.uasset" 557
"E:/UnrealProjects/GhostHunt/Content/FirstPerson/Animations/FirstPerson_Run.uexp" 558
"../../../Engine/Content/EditorBlueprintResources/StandardMacros.uasset" 559
"../../../Engine/Content/EditorBlueprintResources/StandardMacros.uexp" 560
"E:/UnrealProjects/GhostHunt/Content/FirstPerson/Animations/FirstPerson_AnimBP.uasset" 561
"E:/UnrealProjects/GhostHunt/Content/FirstPerson/Animations/FirstPerson_AnimBP.uexp" 562
"E:/UnrealProjects/GhostHunt/Content/FirstPerson/Character/Textures/UE4_LOGO_CARD.uasset" 563
"E:/UnrealProjects/GhostHunt/Content/FirstPerson/Character/Textures/UE4_LOGO_CARD.uexp" 564
"E:/UnrealProjects/GhostHunt/Content/FirstPerson/Character/Textures/UE4_LOGO_CARD.ubulk" 565
"E:/UnrealProjects/GhostHunt/Content/FirstPerson/Character/Materials/MaterialLayers/ML_Plastic_Shiny_Beige_LOGO.uasset" 566
"E:/UnrealProjects/GhostHunt/Content/FirstPerson/Character/Materials/MaterialLayers/ML_Plastic_Shiny_Beige_LOGO.uexp" 567
"E:/UnrealProjects/GhostHunt/Content/FirstPerson/Character/Materials/MaterialLayers/ML_Plastic_Shiny_Beige.uasset" 568
"E:/UnrealProjects/GhostHunt/Content/FirstPerson/Character/Materials/MaterialLayers/ML_Plastic_Shiny_Beige.uexp" 569
"../../../Engine/Content/Functions/Engine_MaterialFunctions02/Utility/BlendAngleCorrectedNormals.uasset" 570
"../../../Engine/Content/Functions/Engine_MaterialFunctions02/Utility/BlendAngleCorrectedNormals.uexp" 571
"../../../Engine/Content/Functions/MaterialLayerFunctions/MatLayerBlend_NormalBlend.uasset" 572
"../../../Engine/Content/Functions/MaterialLayerFunctions/MatLayerBlend_NormalBlend.uexp" 573
"../../../Engine/Content/Functions/MaterialLayerFunctions/MatLayerBlend_Simple.uasset" 574
"../../../Engine/Content/Functions/MaterialLayerFunctions/MatLayerBlend_Simple.uexp" 575
"E:/UnrealProjects/GhostHunt/Content/FirstPerson/Character/Materials/MaterialLayers/T_ML_Rubber_Blue_01_D.uasset" 576
"E:/UnrealProjects/GhostHunt/Content/FirstPerson/Character/Materials/MaterialLayers/T_ML_Rubber_Blue_01_D.uexp" 577
"E:/UnrealProjects/GhostHunt/Content/FirstPerson/Character/Materials/MaterialLayers/T_ML_Rubber_Blue_01_D.ubulk" 578
"E:/UnrealProjects/GhostHunt/Content/FirstPerson/Character/Materials/MaterialLayers/T_ML_Rubber_Blue_01_N.uasset" 579
"E:/UnrealProjects/GhostHunt/Content/FirstPerson/Character/Materials/MaterialLayers/T_ML_Rubber_Blue_01_N.uexp" 580
"E:/UnrealProjects/GhostHunt/Content/FirstPerson/Character/Materials/MaterialLayers/T_ML_Rubber_Blue_01_N.ubulk" 581
"E:/UnrealProjects/GhostHunt/Content/FirstPerson/Character/Materials/MaterialLayers/ML_GlossyBlack_Latex_UE4.uasset" 582
"E:/UnrealProjects/GhostHunt/Content/FirstPerson/Character/Materials/MaterialLayers/ML_GlossyBlack_Latex_UE4.uexp" 583
"E:/UnrealProjects/GhostHunt/Content/FirstPerson/Character/Materials/MaterialLayers/T_ML_Aluminum01.uasset" 584
"E:/UnrealProjects/GhostHunt/Content/FirstPerson/Character/Materials/MaterialLayers/T_ML_Aluminum01.uexp" 585
"E:/UnrealProjects/GhostHunt/Content/FirstPerson/Character/Materials/MaterialLayers/T_ML_Aluminum01.ubulk" 586
"E:/UnrealProjects/GhostHunt/Content/FirstPerson/Character/Materials/MaterialLayers/T_ML_Aluminum01_N.uasset" 587
"E:/UnrealProjects/GhostHunt/Content/FirstPerson/Character/Materials/MaterialLayers/T_ML_Aluminum01_N.uexp" 588
"E:/UnrealProjects/GhostHunt/Content/FirstPerson/Character/Materials/MaterialLayers/T_ML_Aluminum01_N.ubulk" 589
"E:/UnrealProjects/GhostHunt/Content/FirstPerson/Character/Materials/MaterialLayers/ML_SoftMetal_UE4.uasset" 590
"E:/UnrealProjects/GhostHunt/Content/FirstPerson/Character/Materials/MaterialLayers/ML_SoftMetal_UE4.uexp" 591
"E:/UnrealProjects/GhostHunt/Content/FirstPerson/Character/Textures/UE4_Mannequin__normals.uasset" 592
"E:/UnrealProjects/GhostHunt/Content/FirstPerson/Character/Textures/UE4_Mannequin__normals.uexp" 593
"E:/UnrealProjects/GhostHunt/Content/FirstPerson/Character/Textures/UE4_Mannequin__normals.ubulk" 594
"E:/UnrealProjects/GhostHunt/Content/FirstPerson/Character/Textures/UE4_Mannequin_MAT_MASKA.uasset" 595
"E:/UnrealProjects/GhostHunt/Content/FirstPerson/Character/Textures/UE4_Mannequin_MAT_MASKA.uexp" 596
"E:/UnrealProjects/GhostHunt/Content/FirstPerson/Character/Textures/UE4_Mannequin_MAT_MASKA.ubulk" 597
"E:/UnrealProjects/GhostHunt/Content/FirstPerson/Character/Materials/M_UE4Man_Body.uasset" 598
"E:/UnrealProjects/GhostHunt/Content/FirstPerson/Character/Materials/M_UE4Man_Body.uexp" 599
"E:/UnrealProjects/GhostHunt/Content/FirstPerson/Character/Mesh/SK_Mannequin_Arms_PhysicsAsset.uasset" 600
"E:/UnrealProjects/GhostHunt/Content/FirstPerson/Character/Mesh/SK_Mannequin_Arms_PhysicsAsset.uexp" 601
"E:/UnrealProjects/GhostHunt/Content/FirstPerson/Character/Mesh/SK_Mannequin_Arms.uasset" 602
"E:/UnrealProjects/GhostHunt/Content/FirstPerson/Character/Mesh/SK_Mannequin_Arms.uexp" 603
"E:/UnrealProjects/GhostHunt/Content/FPWeapon/Mesh/SK_FPGun_Skeleton.uasset" 604
"E:/UnrealProjects/GhostHunt/Content/FPWeapon/Mesh/SK_FPGun_Skeleton.uexp" 605
"E:/UnrealProjects/GhostHunt/Content/FPWeapon/Mesh/SK_FPGun_PhysicsAsset.uasset" 606
"E:/UnrealProjects/GhostHunt/Content/FPWeapon/Mesh/SK_FPGun_PhysicsAsset.uexp" 607
"E:/UnrealProjects/GhostHunt/Content/FPWeapon/Textures/T_FPGun_N.uasset" 608
"E:/UnrealProjects/GhostHunt/Content/FPWeapon/Textures/T_FPGun_N.uexp" 609
"E:/UnrealProjects/GhostHunt/Content/FPWeapon/Textures/T_FPGun_N.ubulk" 610
"E:/UnrealProjects/GhostHunt/Content/FPWeapon/Textures/T_FPGun_M.uasset" 611
"E:/UnrealProjects/GhostHunt/Content/FPWeapon/Textures/T_FPGun_M.uexp" 612
"E:/UnrealProjects/GhostHunt/Content/FPWeapon/Textures/T_FPGun_M.ubulk" 613
"E:/UnrealProjects/GhostHunt/Content/FPWeapon/Materials/MaterialLayers/T_ML_Rubber_Blue_01_N.uasset" 614
"E:/UnrealProjects/GhostHunt/Content/FPWeapon/Materials/MaterialLayers/T_ML_Rubber_Blue_01_N.uexp" 615
"E:/UnrealProjects/GhostHunt/Content/FPWeapon/Materials/MaterialLayers/T_ML_Rubber_Blue_01_N.ubulk" 616
"E:/UnrealProjects/GhostHunt/Content/FPWeapon/Materials/MaterialLayers/T_ML_Rubber_Blue_01_D.uasset" 617
"E:/UnrealProjects/GhostHunt/Content/FPWeapon/Materials/MaterialLayers/T_ML_Rubber_Blue_01_D.uexp" 618
"E:/UnrealProjects/GhostHunt/Content/FPWeapon/Materials/MaterialLayers/T_ML_Rubber_Blue_01_D.ubulk" 619
"E:/UnrealProjects/GhostHunt/Content/FPWeapon/Materials/MaterialLayers/T_ML_Aluminum01_N.uasset" 620
"E:/UnrealProjects/GhostHunt/Content/FPWeapon/Materials/MaterialLayers/T_ML_Aluminum01_N.uexp" 621
"E:/UnrealProjects/GhostHunt/Content/FPWeapon/Materials/MaterialLayers/T_ML_Aluminum01_N.ubulk" 622
"E:/UnrealProjects/GhostHunt/Content/FPWeapon/Materials/MaterialLayers/T_ML_Aluminum01.uasset" 623
"E:/UnrealProjects/GhostHunt/Content/FPWeapon/Materials/MaterialLayers/T_ML_Aluminum01.uexp" 624
"E:/UnrealProjects/GhostHunt/Content/FPWeapon/Materials/MaterialLayers/T_ML_Aluminum01.ubulk" 625
"E:/UnrealProjects/GhostHunt/Content/FPWeapon/Materials/MaterialLayers/ML_SoftMetal_UE4.uasset" 626
"E:/UnrealProjects/GhostHunt/Content/FPWeapon/Materials/MaterialLayers/ML_SoftMetal_UE4.uexp" 627
"E:/UnrealProjects/GhostHunt/Content/FPWeapon/Materials/MaterialLayers/ML_Screen.uasset" 628
"E:/UnrealProjects/GhostHunt/Content/FPWeapon/Materials/MaterialLayers/ML_Screen.uexp" 629
"E:/UnrealProjects/GhostHunt/Content/FPWeapon/Materials/MaterialLayers/ML_Plastic_Shiny_Beige.uasset" 630
"E:/UnrealProjects/GhostHunt/Content/FPWeapon/Materials/MaterialLayers/ML_Plastic_Shiny_Beige.uexp" 631
"E:/UnrealProjects/GhostHunt/Content/FPWeapon/Materials/MaterialLayers/ML_GlossyBlack_Latex_UE4.uasset" 632
"E:/UnrealProjects/GhostHunt/Content/FPWeapon/Materials/MaterialLayers/ML_GlossyBlack_Latex_UE4.uexp" 633
"E:/UnrealProjects/GhostHunt/Content/FPWeapon/Materials/M_FPGun.uasset" 634
"E:/UnrealProjects/GhostHunt/Content/FPWeapon/Materials/M_FPGun.uexp" 635
"E:/UnrealProjects/GhostHunt/Content/FPWeapon/Mesh/SK_FPGun.uasset" 636
"E:/UnrealProjects/GhostHunt/Content/FPWeapon/Mesh/SK_FPGun.uexp" 637
"E:/UnrealProjects/GhostHunt/Content/Maps/Lobby/SpeechTesting.uasset" 638
"E:/UnrealProjects/GhostHunt/Content/Maps/Lobby/SpeechTesting.uexp" 639
"E:/UnrealProjects/GhostHunt/Content/Blueprints/Avatars/CharacterAvatarParent.uasset" 640
"E:/UnrealProjects/GhostHunt/Content/Blueprints/Avatars/CharacterAvatarParent.uexp" 641
"E:/UnrealProjects/GhostHunt/Content/Maps/Lobby/GM_Lobby.uasset" 642
"E:/UnrealProjects/GhostHunt/Content/Maps/Lobby/GM_Lobby.uexp" 643
"E:/UnrealProjects/GhostHunt/Content/Maps/Lobby/Lobby.uexp" 644
"E:/UnrealProjects/GhostHunt/Content/Maps/Lobby/Lobby.umap" 645
"E:/UnrealProjects/GhostHunt/Content/Maps/MainMenu/WB_Main.uasset" 646
"E:/UnrealProjects/GhostHunt/Content/Maps/MainMenu/WB_Main.uexp" 647
"E:/UnrealProjects/GhostHunt/Content/Maps/MainMenu/WB_SessionResult_UI.uasset" 648
"E:/UnrealProjects/GhostHunt/Content/Maps/MainMenu/WB_SessionResult_UI.uexp" 649
"E:/UnrealProjects/GhostHunt/Content/Maps/MainMenu/WB_JoinSessions.uasset" 650
"E:/UnrealProjects/GhostHunt/Content/Maps/MainMenu/WB_JoinSessions.uexp" 651
"E:/UnrealProjects/GhostHunt/Content/Maps/MainMenu/WB_MainMenu.uasset" 652
"E:/UnrealProjects/GhostHunt/Content/Maps/MainMenu/WB_MainMenu.uexp" 653
"E:/UnrealProjects/GhostHunt/Content/Maps/MainMenu/GC_MainMenu.uasset" 654
"E:/UnrealProjects/GhostHunt/Content/Maps/MainMenu/GC_MainMenu.uexp" 655
"E:/UnrealProjects/GhostHunt/Content/Maps/MainMenu/GM_MainMenu.uasset" 656
"E:/UnrealProjects/GhostHunt/Content/Maps/MainMenu/GM_MainMenu.uexp" 657
"E:/UnrealProjects/GhostHunt/Content/Maps/MainMenu/MainMenu.uexp" 658
"E:/UnrealProjects/GhostHunt/Content/Maps/MainMenu/MainMenu.umap" 659
"../../../Engine/Content/MapTemplates/SM_Template_Map_Floor.uasset" 660
"../../../Engine/Content/MapTemplates/SM_Template_Map_Floor.uexp" 661
"../../../Engine/Content/BasicShapes/Sphere.uasset" 662
"../../../Engine/Content/BasicShapes/Sphere.uexp" 663
"../../../Engine/Content/MapTemplates/TilingNoise05.uasset" 664
"../../../Engine/Content/MapTemplates/TilingNoise05.uexp" 665
"../../../Engine/Content/MapTemplates/TilingNoise05.ubulk" 666
"../../../Engine/Content/Functions/Engine_MaterialFunctions02/SplitComponents.uasset" 667
"../../../Engine/Content/Functions/Engine_MaterialFunctions02/SplitComponents.uexp" 668
"../../../Engine/Content/EngineSky/M_SkyTimeOfDay.uasset" 669
"../../../Engine/Content/EngineSky/M_SkyTimeOfDay.uexp" 670
"E:/UnrealProjects/GhostHunt/Content/Maps/SubMaps/MainMenu+Lobby/Base.uexp" 671
"E:/UnrealProjects/GhostHunt/Content/Maps/SubMaps/MainMenu+Lobby/Base.umap" 672
"../../../Engine/Content/Maps/Entry_BuiltData.uasset" 673
"../../../Engine/Content/Maps/Entry_BuiltData.uexp" 674
"../../../Engine/Content/Maps/Entry.uexp" 675
"../../../Engine/Content/Maps/Entry.umap" 676
